<?xml version="1.0" encoding="UTF-8" ?>
<testsuites>
 <testsuite name="createorgination" timestamp="2017-11-17T17:15:08" hostname="localhost" time="685.709" errors="0" tests="1" skipped="0" disabled="0" failures="1">
  <testcase classname="createorgination" name="create two Section One With activities And Aother With MajorA ctivities" time="668.631">
   <failure type="exception" message="Error: Timeout - Async callback was not invoked within timeout specified by jasmine.DEFAULT_TIMEOUT_INTERVAL."><![CDATA[Error: Timeout - Async callback was not invoked within timeout specified by jasmine.DEFAULT_TIMEOUT_INTERVAL.
    at Timeout._onTimeout (C:\Users\Mvision\AppData\Roaming\npm\node_modules\protractor\node_modules\jasmine-core\lib\jasmine-core\jasmine.js:4281:23)
    at ontimeout (timers.js:386:14)
    at tryOnTimeout (timers.js:250:5)
    at Timer.listOnTimeout (timers.js:214:5)]]>
   </failure>
  </testcase>
 </testsuite>
</testsuites>